<?xml version="1.0" encoding="UTF-8"?>
<testng-results skipped="0" failed="0" ignored="0" total="3" passed="3">
  <reporter-output>
  </reporter-output>
  <suite name="Default suite" duration-ms="20453" started-at="2018-07-04T20:11:36Z" finished-at="2018-07-04T20:11:57Z">
    <groups>
    </groups>
    <test name="Default test" duration-ms="20453" started-at="2018-07-04T20:11:36Z" finished-at="2018-07-04T20:11:57Z">
      <class name="estest.twitter.statuses.TwitterWorkflowTest">
        <test-method status="PASS" signature="setup()[pri:0, instance:estest.twitter.statuses.TwitterWorkflowTest@1d057a39]" name="setup" is-config="true" duration-ms="4858" started-at="2018-07-04T13:11:36Z" finished-at="2018-07-04T13:11:41Z">
          <reporter-output>
          </reporter-output>
        </test-method> <!-- setup -->
        <test-method status="PASS" signature="postTweet()[pri:0, instance:estest.twitter.statuses.TwitterWorkflowTest@1d057a39]" name="postTweet" duration-ms="12479" started-at="2018-07-04T13:11:41Z" finished-at="2018-07-04T13:11:54Z">
          <reporter-output>
          </reporter-output>
        </test-method> <!-- postTweet -->
        <test-method status="PASS" signature="readTweet()[pri:0, instance:estest.twitter.statuses.TwitterWorkflowTest@1d057a39]" name="readTweet" duration-ms="2320" started-at="2018-07-04T13:11:54Z" depends-on-methods="estest.twitter.statuses.TwitterWorkflowTest.postTweet" finished-at="2018-07-04T13:11:56Z">
          <reporter-output>
          </reporter-output>
        </test-method> <!-- readTweet -->
        <test-method status="PASS" signature="deleteTweet()[pri:0, instance:estest.twitter.statuses.TwitterWorkflowTest@1d057a39]" name="deleteTweet" duration-ms="560" started-at="2018-07-04T13:11:56Z" depends-on-methods="estest.twitter.statuses.TwitterWorkflowTest.readTweet" finished-at="2018-07-04T13:11:57Z">
          <reporter-output>
          </reporter-output>
        </test-method> <!-- deleteTweet -->
      </class> <!-- estest.twitter.statuses.TwitterWorkflowTest -->
    </test> <!-- Default test -->
  </suite> <!-- Default suite -->
</testng-results>
