<?xml version="1.0" encoding="UTF-8"?>
<!-- Generated by org.testng.reporters.JUnitXMLReporter -->
<testsuite hostname="laptop" ignored="0" name="Default test" tests="3" failures="0" timestamp="04 Jul 2018 20:11:57 GMT" time="20.453" errors="0">
  <testcase name="postTweet" time="12.479" classname="estest.twitter.statuses.TwitterWorkflowTest"/>
  <testcase name="readTweet" time="2.32" classname="estest.twitter.statuses.TwitterWorkflowTest"/>
  <testcase name="deleteTweet" time="0.56" classname="estest.twitter.statuses.TwitterWorkflowTest"/>
</testsuite> <!-- Default test -->
